Flow report for Mandel
Fri Nov 10 20:39:22 2017
Quartus II 32-bit Version 11.1 Build 259 01/25/2012 Service Pack 2 SJ Web Edition


---------------------
; Table of Contents ;
---------------------
  1. Legal Notice
  2. Flow Summary
  3. Flow Settings
  4. Flow Non-Default Global Settings
  5. Flow Elapsed Time
  6. Flow OS Summary
  7. Flow Log



----------------
; Legal Notice ;
----------------
Copyright (C) 1991-2011 Altera Corporation
Your use of Altera Corporation's design tools, logic functions 
and other software and tools, and its AMPP partner logic 
functions, and any output files from any of the foregoing 
(including device programming or simulation files), and any 
associated documentation or information are expressly subject 
to the terms and conditions of the Altera Program License 
Subscription Agreement, Altera MegaCore Function License 
Agreement, or other applicable license agreement, including, 
without limitation, that your use is for the sole purpose of 
programming logic devices manufactured by Altera and sold by 
Altera or its authorized distributors.  Please refer to the 
applicable agreement for further details.



+------------------------------------------------------------------------------------+
; Flow Summary                                                                       ;
+------------------------------------+-----------------------------------------------+
; Flow Status                        ; Successful - Fri Nov 10 20:38:44 2017         ;
; Quartus II 32-bit Version          ; 11.1 Build 259 01/25/2012 SP 2 SJ Web Edition ;
; Revision Name                      ; Mandel                                        ;
; Top-level Entity Name              ; Mandel                                        ;
; Family                             ; Cyclone IV E                                  ;
; Device                             ; EP4CE115F29C7                                 ;
; Timing Models                      ; Final                                         ;
; Total logic elements               ; 12,652 / 114,480 ( 11 % )                     ;
;     Total combinational functions  ; 11,157 / 114,480 ( 10 % )                     ;
;     Dedicated logic registers      ; 3,827 / 114,480 ( 3 % )                       ;
; Total registers                    ; 3827                                          ;
; Total pins                         ; 78 / 529 ( 15 % )                             ;
; Total virtual pins                 ; 0                                             ;
; Total memory bits                  ; 2,463,744 / 3,981,312 ( 62 % )                ;
; Embedded Multiplier 9-bit elements ; 494 / 532 ( 93 % )                            ;
; Total PLLs                         ; 2 / 4 ( 50 % )                                ;
+------------------------------------+-----------------------------------------------+


+-----------------------------------------+
; Flow Settings                           ;
+-------------------+---------------------+
; Option            ; Setting             ;
+-------------------+---------------------+
; Start date & time ; 11/10/2017 20:34:03 ;
; Main task         ; Compilation         ;
; Revision Name     ; Mandel              ;
+-------------------+---------------------+


+-----------------------------------------------------------------------------------------------------------------------------------------------------+
; Flow Non-Default Global Settings                                                                                                                    ;
+-------------------------------------+--------------------------------------------------------------------+---------------+-------------+------------+
; Assignment Name                     ; Value                                                              ; Default Value ; Entity Name ; Section Id ;
+-------------------------------------+--------------------------------------------------------------------+---------------+-------------+------------+
; COMPILER_SIGNATURE_ID               ; 161331038281.151037484301396                                       ; --            ; --          ; --         ;
; IP_TOOL_NAME                        ; ALTPLL                                                             ; --            ; --          ; --         ;
; IP_TOOL_NAME                        ; RAM: 2-PORT                                                        ; --            ; --          ; --         ;
; IP_TOOL_NAME                        ; ROM: 1-PORT                                                        ; --            ; --          ; --         ;
; IP_TOOL_NAME                        ; ALTPLL                                                             ; --            ; --          ; --         ;
; IP_TOOL_VERSION                     ; 11.1                                                               ; --            ; --          ; --         ;
; IP_TOOL_VERSION                     ; 11.1                                                               ; --            ; --          ; --         ;
; IP_TOOL_VERSION                     ; 11.1                                                               ; --            ; --          ; --         ;
; IP_TOOL_VERSION                     ; 11.1                                                               ; --            ; --          ; --         ;
; MAX_CORE_JUNCTION_TEMP              ; 85                                                                 ; --            ; --          ; --         ;
; MIN_CORE_JUNCTION_TEMP              ; 0                                                                  ; --            ; --          ; --         ;
; MISC_FILE                           ; C:/Users/Administrator/OneDrive/fpga/altera/Pure_Mandel/Mandel.dpf ; --            ; --          ; --         ;
; MISC_FILE                           ; engine_pll_bb.v                                                    ; --            ; --          ; --         ;
; MISC_FILE                           ; engine_pll.ppf                                                     ; --            ; --          ; --         ;
; MISC_FILE                           ; my_img_data_bb.v                                                   ; --            ; --          ; --         ;
; MISC_FILE                           ; img_index.bsf                                                      ; --            ; --          ; --         ;
; MISC_FILE                           ; img_index_inst.v                                                   ; --            ; --          ; --         ;
; MISC_FILE                           ; img_index_bb.v                                                     ; --            ; --          ; --         ;
; MISC_FILE                           ; vga_pll_bb.v                                                       ; --            ; --          ; --         ;
; MISC_FILE                           ; vga_pll.ppf                                                        ; --            ; --          ; --         ;
; NOMINAL_CORE_SUPPLY_VOLTAGE         ; 1.2V                                                               ; --            ; --          ; --         ;
; PARTITION_COLOR                     ; 16764057                                                           ; --            ; --          ; Top        ;
; PARTITION_FITTER_PRESERVATION_LEVEL ; PLACEMENT_AND_ROUTING                                              ; --            ; --          ; Top        ;
; PARTITION_NETLIST_TYPE              ; SOURCE                                                             ; --            ; --          ; Top        ;
+-------------------------------------+--------------------------------------------------------------------+---------------+-------------+------------+


+-------------------------------------------------------------------------------------------------------------------------------+
; Flow Elapsed Time                                                                                                             ;
+---------------------------+--------------+-------------------------+---------------------+------------------------------------+
; Module Name               ; Elapsed Time ; Average Processors Used ; Peak Virtual Memory ; Total CPU Time (on all processors) ;
+---------------------------+--------------+-------------------------+---------------------+------------------------------------+
; Analysis & Synthesis      ; 00:01:41     ; 1.0                     ; 727 MB              ; 00:01:40                           ;
; Fitter                    ; 00:02:25     ; 1.0                     ; 629 MB              ; 00:02:25                           ;
; Assembler                 ; 00:00:17     ; 1.0                     ; 554 MB              ; 00:00:17                           ;
; TimeQuest Timing Analyzer ; 00:00:55     ; 1.0                     ; 481 MB              ; 00:00:54                           ;
; Total                     ; 00:05:18     ; --                      ; --                  ; 00:05:16                           ;
+---------------------------+--------------+-------------------------+---------------------+------------------------------------+


+----------------------------------------------------------------------------------------+
; Flow OS Summary                                                                        ;
+---------------------------+------------------+-----------+------------+----------------+
; Module Name               ; Machine Hostname ; OS Name   ; OS Version ; Processor type ;
+---------------------------+------------------+-----------+------------+----------------+
; Analysis & Synthesis      ; BenchPC          ; Windows 7 ; 6.1        ; i686           ;
; Fitter                    ; BenchPC          ; Windows 7 ; 6.1        ; i686           ;
; Assembler                 ; BenchPC          ; Windows 7 ; 6.1        ; i686           ;
; TimeQuest Timing Analyzer ; BenchPC          ; Windows 7 ; 6.1        ; i686           ;
+---------------------------+------------------+-----------+------------+----------------+


------------
; Flow Log ;
------------
quartus_map --read_settings_files=on --write_settings_files=off Mandel -c Mandel
quartus_fit --read_settings_files=off --write_settings_files=off Mandel -c Mandel
quartus_asm --read_settings_files=off --write_settings_files=off Mandel -c Mandel
quartus_sta Mandel -c Mandel



